<?xml version="1.0" encoding="UTF-8" ?>
<testsuite tests="0" failures="0" name="net.gbm.software.infraestructure.adapter.AdapterTest" time="0" errors="0" skipped="0">
  <properties>
    <property name="java.runtime.name" value="OpenJDK Runtime Environment"/>
    <property name="java.vm.version" value="11.0.17+8"/>
    <property name="sun.boot.library.path" value="C:\Program Files\Eclipse Adoptium\jdk-11.0.17.8-hotspot\bin"/>
    <property name="maven.multiModuleProjectDirectory" value="C:/Users/hehernandez/OneDrive - GBM Corporacion/Documents/Quarkus/QuarkusLab/QuarkusLabs"/>
    <property name="java.vm.vendor" value="Eclipse Adoptium"/>
    <property name="java.vendor.url" value="https://adoptium.net/"/>
    <property name="guice.disable.misplaced.annotation.check" value="true"/>
    <property name="path.separator" value=";"/>
    <property name="java.vm.name" value="OpenJDK 64-Bit Server VM"/>
    <property name="sun.os.patch.level" value=""/>
    <property name="user.script" value=""/>
    <property name="user.country" value="419"/>
    <property name="sun.java.launcher" value="SUN_STANDARD"/>
    <property name="java.vm.specification.name" value="Java Virtual Machine Specification"/>
    <property name="user.dir" value="C:\Users\hehernandez\OneDrive - GBM Corporacion\Documents\Quarkus\QuarkusLab\QuarkusLabs"/>
    <property name="java.vm.compressedOopsMode" value="Zero based"/>
    <property name="java.runtime.version" value="11.0.17+8"/>
    <property name="java.awt.graphicsenv" value="sun.awt.Win32GraphicsEnvironment"/>
    <property name="quarkus.kubernetes.deploy" value="true"/>
    <property name="os.arch" value="amd64"/>
    <property name="java.io.tmpdir" value="C:\Users\HEHERN~1\AppData\Local\Temp\"/>
    <property name="line.separator" value="
"/>
    <property name="java.vm.specification.vendor" value="Oracle Corporation"/>
    <property name="user.variant" value=""/>
    <property name="os.name" value="Windows 10"/>
    <property name="classworlds.conf" value="C:\Users\hehernandez\.m2\wrapper\dists\apache-maven-3.6.3-bin\1iopthnavndlasol9gbrbg6bf2\apache-maven-3.6.3\bin\m2.conf"/>
    <property name="sun.jnu.encoding" value="Cp1252"/>
    <property name="java.library.path" value="C:\Program Files\Eclipse Adoptium\jdk-11.0.17.8-hotspot\bin;C:\Windows\Sun\Java\bin;C:\Windows\system32;C:\Windows;C:\Users\hehernandez\bin;C:\Users\hehernandez\AppData\Local\Programs\Git\mingw64\bin;C:\Users\hehernandez\AppData\Local\Programs\Git\usr\local\bin;C:\Users\hehernandez\AppData\Local\Programs\Git\usr\bin;C:\Users\hehernandez\AppData\Local\Programs\Git\usr\bin;C:\Users\hehernandez\AppData\Local\Programs\Git\mingw64\bin;C:\Users\hehernandez\AppData\Local\Programs\Git\usr\bin;C:\Users\hehernandez\bin;C:\Program Files\Common Files\Oracle\Java\javapath;C:\Program Files\Eclipse Adoptium\jdk-11.0.17.8-hotspot\bin;C:\Windows\system32;C:\Windows;C:\Windows\System32\Wbem;C:\Windows\System32\WindowsPowerShell\v1.0;C:\Windows\System32\OpenSSH;C:\Program Files\dotnet;C:\ProgramData\chocolatey\bin;C:\Program Files\nodejs;C:\Users\hehernandez\AppData\Local\Microsoft\WindowsApps;C:\Users\hehernandez\AppData\Local\Programs\Microsoft VS Code\bin;C:\Users\hehernandez\AppData\Local\Programs\Git\cmd;C:\Users\hehernandez\AppData\Roaming\npm;C:\Program Files\apache-maven-3.9.0\bin;C:\Users\hehernandez\AppData\Local\Programs\Git\usr\bin\vendor_perl;C:\Users\hehernandez\AppData\Local\Programs\Git\usr\bin\core_perl;."/>
    <property name="maven.conf" value="C:\Users\hehernandez\.m2\wrapper\dists\apache-maven-3.6.3-bin\1iopthnavndlasol9gbrbg6bf2\apache-maven-3.6.3/conf"/>
    <property name="jdk.debug" value="release"/>
    <property name="java.class.version" value="55.0"/>
    <property name="java.specification.name" value="Java Platform API Specification"/>
    <property name="sun.management.compiler" value="HotSpot 64-Bit Tiered Compilers"/>
    <property name="os.version" value="10.0"/>
    <property name="user.home" value="C:\Users\hehernandez"/>
    <property name="user.timezone" value="America/Regina"/>
    <property name="java.awt.printerjob" value="sun.awt.windows.WPrinterJob"/>
    <property name="file.encoding" value="Cp1252"/>
    <property name="java.specification.version" value="11"/>
    <property name="user.name" value="hehernandez"/>
    <property name="java.class.path" value="C:/Users/hehernandez/OneDrive - GBM Corporacion/Documents/Quarkus/QuarkusLab/QuarkusLabs/.mvn/wrapper/maven-wrapper.jar"/>
    <property name="java.vm.specification.version" value="11"/>
    <property name="sun.arch.data.model" value="64"/>
    <property name="sun.java.command" value="org.apache.maven.wrapper.MavenWrapperMain package -Dquarkus.kubernetes.deploy=true"/>
    <property name="java.home" value="C:\Program Files\Eclipse Adoptium\jdk-11.0.17.8-hotspot"/>
    <property name="user.language" value="es"/>
    <property name="java.specification.vendor" value="Oracle Corporation"/>
    <property name="awt.toolkit" value="sun.awt.windows.WToolkit"/>
    <property name="java.vm.info" value="mixed mode"/>
    <property name="java.version" value="11.0.17"/>
    <property name="java.vendor" value="Eclipse Adoptium"/>
    <property name="maven.home" value="C:\Users\hehernandez\.m2\wrapper\dists\apache-maven-3.6.3-bin\1iopthnavndlasol9gbrbg6bf2\apache-maven-3.6.3"/>
    <property name="file.separator" value="\"/>
    <property name="java.version.date" value="2022-10-18"/>
    <property name="java.vendor.url.bug" value="https://github.com/adoptium/adoptium-support/issues"/>
    <property name="sun.io.unicode.encoding" value="UnicodeLittle"/>
    <property name="sun.cpu.endian" value="little"/>
    <property name="java.vendor.version" value="Temurin-11.0.17+8"/>
    <property name="sun.desktop" value="windows"/>
    <property name="sun.cpu.isalist" value="amd64"/>
  </properties>
</testsuite>